build/app/intermediates/manifest_merge_blame_file/debug/manifest-merger-blame-debug-report.txt
1<?xml version="1.0" encoding="utf-8"?>
2<manifest xmlns:android="http://schemas.android.com/apk/res/android"
3    package="com.example.smartqueue"
4    android:versionCode="1"
5    android:versionName="1.0.0" >
6
7    <uses-sdk
8        android:minSdkVersion="16"
9        android:targetSdkVersion="29" />
10    <!--
11         Flutter needs it to communicate with the running application
12         to allow setting breakpoints, to provide hot reload, etc.
13    -->
14    <uses-permission android:name="android.permission.INTERNET" />
14-->src\debug\AndroidManifest.xml:6:5-66
14-->src\debug\AndroidManifest.xml:6:22-64
15    <uses-permission android:name="android.permission.ACCESS_NETWORK_STATE" />
15-->[com.google.android.gms:play-services-measurement:17.6.0] AndroidManifest.xml:24:5-79
15-->[com.google.android.gms:play-services-measurement:17.6.0] AndroidManifest.xml:24:22-76
16    <uses-permission android:name="android.permission.WAKE_LOCK" />
16-->[com.google.android.gms:play-services-measurement:17.6.0] AndroidManifest.xml:25:5-68
16-->[com.google.android.gms:play-services-measurement:17.6.0] AndroidManifest.xml:25:22-65
17    <uses-permission android:name="com.google.android.finsky.permission.BIND_GET_INSTALL_REFERRER_SERVICE" />
17-->[com.google.android.gms:play-services-measurement:17.6.0] AndroidManifest.xml:26:5-110
17-->[com.google.android.gms:play-services-measurement:17.6.0] AndroidManifest.xml:26:22-107
18    <!--
19 io.flutter.app.FlutterApplication is an android.app.Application that
20         calls FlutterMain.startInitialization(this); in its onCreate method.
21         In most cases you can leave this as-is, but you if you want to provide
22         additional functionality it is fine to subclass or reimplement
23         FlutterApplication and put your custom class here.
24    -->
25    <application
25-->src\main\AndroidManifest.xml:8:5-46:19
26        android:name="io.flutter.app.FlutterApplication"
26-->src\main\AndroidManifest.xml:9:9-57
27        android:appComponentFactory="androidx.core.app.CoreComponentFactory"
27-->[androidx.core:core:1.1.0] AndroidManifest.xml:24:18-86
28        android:debuggable="true"
29        android:icon="@mipmap/ic_launcher"
29-->src\main\AndroidManifest.xml:11:9-43
30        android:label="smartqueue" >
30-->src\main\AndroidManifest.xml:10:9-35
31        <activity
31-->src\main\AndroidManifest.xml:12:9-40:20
32            android:name="com.example.smartqueue.MainActivity"
32-->src\main\AndroidManifest.xml:13:13-41
33            android:configChanges="orientation|keyboardHidden|keyboard|screenSize|smallestScreenSize|locale|layoutDirection|fontScale|screenLayout|density|uiMode"
33-->src\main\AndroidManifest.xml:16:13-163
34            android:hardwareAccelerated="true"
34-->src\main\AndroidManifest.xml:17:13-47
35            android:launchMode="singleTop"
35-->src\main\AndroidManifest.xml:14:13-43
36            android:theme="@style/LaunchTheme"
36-->src\main\AndroidManifest.xml:15:13-47
37            android:windowSoftInputMode="adjustResize" >
37-->src\main\AndroidManifest.xml:18:13-55
38
39            <!--
40                 Specifies an Android theme to apply to this Activity as soon as
41                 the Android process has started. This theme is visible to the user
42                 while the Flutter UI initializes. After that, this theme continues
43                 to determine the Window background behind the Flutter UI.
44            -->
45            <meta-data
45-->src\main\AndroidManifest.xml:23:13-26:17
46                android:name="io.flutter.embedding.android.NormalTheme"
46-->src\main\AndroidManifest.xml:24:15-70
47                android:resource="@style/NormalTheme" />
47-->src\main\AndroidManifest.xml:25:15-52
48            <!--
49                 Displays an Android View that continues showing the launch screen
50                 Drawable until Flutter paints its first frame, then this splash
51                 screen fades out. A splash screen is useful to avoid any visual
52                 gap between the end of Android's launch screen and the painting of
53                 Flutter's first frame.
54            -->
55            <meta-data
55-->src\main\AndroidManifest.xml:32:13-35:17
56                android:name="io.flutter.embedding.android.SplashScreenDrawable"
56-->src\main\AndroidManifest.xml:33:15-79
57                android:resource="@drawable/launch_background" />
57-->src\main\AndroidManifest.xml:34:15-61
58
59            <intent-filter>
59-->src\main\AndroidManifest.xml:36:13-39:29
60                <action android:name="android.intent.action.MAIN" />
60-->src\main\AndroidManifest.xml:37:17-68
60-->src\main\AndroidManifest.xml:37:25-66
61
62                <category android:name="android.intent.category.LAUNCHER" />
62-->src\main\AndroidManifest.xml:38:17-76
62-->src\main\AndroidManifest.xml:38:27-74
63            </intent-filter>
64        </activity>
65        <!--
66             Don't delete the meta-data below.
67             This is used by the Flutter tool to generate GeneratedPluginRegistrant.java
68        -->
69        <meta-data
69-->src\main\AndroidManifest.xml:43:9-45:33
70            android:name="flutterEmbedding"
70-->src\main\AndroidManifest.xml:44:13-44
71            android:value="2" />
71-->src\main\AndroidManifest.xml:45:13-30
72
73        <receiver
73-->[com.google.android.gms:play-services-measurement:17.6.0] AndroidManifest.xml:29:9-33:20
74            android:name="com.google.android.gms.measurement.AppMeasurementReceiver"
74-->[com.google.android.gms:play-services-measurement:17.6.0] AndroidManifest.xml:30:13-85
75            android:enabled="true"
75-->[com.google.android.gms:play-services-measurement:17.6.0] AndroidManifest.xml:31:13-35
76            android:exported="false" >
76-->[com.google.android.gms:play-services-measurement:17.6.0] AndroidManifest.xml:32:13-37
77        </receiver>
78
79        <service
79-->[com.google.android.gms:play-services-measurement:17.6.0] AndroidManifest.xml:35:9-38:40
80            android:name="com.google.android.gms.measurement.AppMeasurementService"
80-->[com.google.android.gms:play-services-measurement:17.6.0] AndroidManifest.xml:36:13-84
81            android:enabled="true"
81-->[com.google.android.gms:play-services-measurement:17.6.0] AndroidManifest.xml:37:13-35
82            android:exported="false" />
82-->[com.google.android.gms:play-services-measurement:17.6.0] AndroidManifest.xml:38:13-37
83        <service
83-->[com.google.android.gms:play-services-measurement:17.6.0] AndroidManifest.xml:39:9-43:72
84            android:name="com.google.android.gms.measurement.AppMeasurementJobService"
84-->[com.google.android.gms:play-services-measurement:17.6.0] AndroidManifest.xml:40:13-87
85            android:enabled="true"
85-->[com.google.android.gms:play-services-measurement:17.6.0] AndroidManifest.xml:41:13-35
86            android:exported="false"
86-->[com.google.android.gms:play-services-measurement:17.6.0] AndroidManifest.xml:42:13-37
87            android:permission="android.permission.BIND_JOB_SERVICE" />
87-->[com.google.android.gms:play-services-measurement:17.6.0] AndroidManifest.xml:43:13-69
88        <service
88-->[com.google.android.gms:play-services-measurement-api:17.6.0] AndroidManifest.xml:27:9-33:19
89            android:name="com.google.firebase.components.ComponentDiscoveryService"
89-->[com.google.android.gms:play-services-measurement-api:17.6.0] AndroidManifest.xml:28:13-84
90            android:directBootAware="true"
90-->[com.google.firebase:firebase-common:19.3.0] AndroidManifest.xml:34:13-43
91            android:exported="false" >
91-->[com.google.android.gms:play-services-measurement-api:17.6.0] AndroidManifest.xml:29:13-37
92            <meta-data
92-->[com.google.android.gms:play-services-measurement-api:17.6.0] AndroidManifest.xml:30:13-32:85
93                android:name="com.google.firebase.components:com.google.firebase.analytics.connector.internal.AnalyticsConnectorRegistrar"
93-->[com.google.android.gms:play-services-measurement-api:17.6.0] AndroidManifest.xml:31:17-139
94                android:value="com.google.firebase.components.ComponentRegistrar" />
94-->[com.google.android.gms:play-services-measurement-api:17.6.0] AndroidManifest.xml:32:17-82
95            <meta-data
95-->[com.google.firebase:firebase-installations:16.3.2] AndroidManifest.xml:17:13-19:85
96                android:name="com.google.firebase.components:com.google.firebase.installations.FirebaseInstallationsRegistrar"
96-->[com.google.firebase:firebase-installations:16.3.2] AndroidManifest.xml:18:17-127
97                android:value="com.google.firebase.components.ComponentRegistrar" />
97-->[com.google.firebase:firebase-installations:16.3.2] AndroidManifest.xml:19:17-82
98        </service>
99
100        <provider
100-->[com.google.firebase:firebase-common:19.3.0] AndroidManifest.xml:26:9-30:39
101            android:name="com.google.firebase.provider.FirebaseInitProvider"
101-->[com.google.firebase:firebase-common:19.3.0] AndroidManifest.xml:27:13-77
102            android:authorities="com.example.smartqueue.firebaseinitprovider"
102-->[com.google.firebase:firebase-common:19.3.0] AndroidManifest.xml:28:13-72
103            android:exported="false"
103-->[com.google.firebase:firebase-common:19.3.0] AndroidManifest.xml:29:13-37
104            android:initOrder="100" />
104-->[com.google.firebase:firebase-common:19.3.0] AndroidManifest.xml:30:13-36
105
106        <meta-data
106-->[com.google.android.gms:play-services-basement:17.0.0] AndroidManifest.xml:23:9-25:69
107            android:name="com.google.android.gms.version"
107-->[com.google.android.gms:play-services-basement:17.0.0] AndroidManifest.xml:24:13-58
108            android:value="@integer/google_play_services_version" />
108-->[com.google.android.gms:play-services-basement:17.0.0] AndroidManifest.xml:25:13-66
109    </application>
110
111</manifest>